<?xml version="1.0" encoding="UTF-8"?>
<!-- Generated by org.testng.reporters.JUnitReportReporter -->
<testsuite hostname="kiran" failures="0" tests="1" name="task.ProductPage" time="1.058" errors="0" timestamp="2024-09-14T14:33:39 IST" skipped="0">
  <testcase classname="task.ProductPage" name="testAddToCart" time="1.058"/>
  <system-out/>
</testsuite> <!-- task.ProductPage -->
